CRITICAL - 2024-02-28 09:26:38 --> Error: Class "App\Controllers\PageNotFoundException" not found
in APPPATH/Controllers/Pages.php on line 16.
 1 SYSTEMPATH/CodeIgniter.php(941): App\Controllers\Pages->view('website.css')
 2 SYSTEMPATH/CodeIgniter.php(502): CodeIgniter\CodeIgniter->runController(Object(App\Controllers\Pages))
 3 SYSTEMPATH/CodeIgniter.php(361): CodeIgniter\CodeIgniter->handleRequest(null, Object(Config\Cache), false)
 4 FCPATH/index.php(79): CodeIgniter\CodeIgniter->run()
CRITICAL - 2024-02-28 09:26:38 --> Error: Class "App\Controllers\PageNotFoundException" not found
in APPPATH/Controllers/Pages.php on line 16.
 1 SYSTEMPATH/CodeIgniter.php(941): App\Controllers\Pages->view('scripting.js')
 2 SYSTEMPATH/CodeIgniter.php(502): CodeIgniter\CodeIgniter->runController(Object(App\Controllers\Pages))
 3 SYSTEMPATH/CodeIgniter.php(361): CodeIgniter\CodeIgniter->handleRequest(null, Object(Config\Cache), false)
 4 FCPATH/index.php(79): CodeIgniter\CodeIgniter->run()
CRITICAL - 2024-02-28 09:26:51 --> Error: Class "App\Controllers\PageNotFoundException" not found
in APPPATH/Controllers/Pages.php on line 16.
 1 SYSTEMPATH/CodeIgniter.php(941): App\Controllers\Pages->view('website.css')
 2 SYSTEMPATH/CodeIgniter.php(502): CodeIgniter\CodeIgniter->runController(Object(App\Controllers\Pages))
 3 SYSTEMPATH/CodeIgniter.php(361): CodeIgniter\CodeIgniter->handleRequest(null, Object(Config\Cache), false)
 4 FCPATH/index.php(79): CodeIgniter\CodeIgniter->run()
CRITICAL - 2024-02-28 09:26:51 --> Error: Class "App\Controllers\PageNotFoundException" not found
in APPPATH/Controllers/Pages.php on line 16.
 1 SYSTEMPATH/CodeIgniter.php(941): App\Controllers\Pages->view('scripting.js')
 2 SYSTEMPATH/CodeIgniter.php(502): CodeIgniter\CodeIgniter->runController(Object(App\Controllers\Pages))
 3 SYSTEMPATH/CodeIgniter.php(361): CodeIgniter\CodeIgniter->handleRequest(null, Object(Config\Cache), false)
 4 FCPATH/index.php(79): CodeIgniter\CodeIgniter->run()
CRITICAL - 2024-02-28 09:28:50 --> Error: Class "App\Controllers\PageNotFoundException" not found
in APPPATH/Controllers/Pages.php on line 16.
 1 SYSTEMPATH/CodeIgniter.php(941): App\Controllers\Pages->view('website.css')
 2 SYSTEMPATH/CodeIgniter.php(502): CodeIgniter\CodeIgniter->runController(Object(App\Controllers\Pages))
 3 SYSTEMPATH/CodeIgniter.php(361): CodeIgniter\CodeIgniter->handleRequest(null, Object(Config\Cache), false)
 4 FCPATH/index.php(79): CodeIgniter\CodeIgniter->run()
CRITICAL - 2024-02-28 09:28:50 --> Error: Class "App\Controllers\PageNotFoundException" not found
in APPPATH/Controllers/Pages.php on line 16.
 1 SYSTEMPATH/CodeIgniter.php(941): App\Controllers\Pages->view('scripting.js')
 2 SYSTEMPATH/CodeIgniter.php(502): CodeIgniter\CodeIgniter->runController(Object(App\Controllers\Pages))
 3 SYSTEMPATH/CodeIgniter.php(361): CodeIgniter\CodeIgniter->handleRequest(null, Object(Config\Cache), false)
 4 FCPATH/index.php(79): CodeIgniter\CodeIgniter->run()
CRITICAL - 2024-02-28 09:29:14 --> Error: Class "App\Controllers\PageNotFoundException" not found
in APPPATH/Controllers/Pages.php on line 16.
 1 SYSTEMPATH/CodeIgniter.php(941): App\Controllers\Pages->view('website.css')
 2 SYSTEMPATH/CodeIgniter.php(502): CodeIgniter\CodeIgniter->runController(Object(App\Controllers\Pages))
 3 SYSTEMPATH/CodeIgniter.php(361): CodeIgniter\CodeIgniter->handleRequest(null, Object(Config\Cache), false)
 4 FCPATH/index.php(79): CodeIgniter\CodeIgniter->run()
CRITICAL - 2024-02-28 09:29:14 --> Error: Class "App\Controllers\PageNotFoundException" not found
in APPPATH/Controllers/Pages.php on line 16.
 1 SYSTEMPATH/CodeIgniter.php(941): App\Controllers\Pages->view('scripting.js')
 2 SYSTEMPATH/CodeIgniter.php(502): CodeIgniter\CodeIgniter->runController(Object(App\Controllers\Pages))
 3 SYSTEMPATH/CodeIgniter.php(361): CodeIgniter\CodeIgniter->handleRequest(null, Object(Config\Cache), false)
 4 FCPATH/index.php(79): CodeIgniter\CodeIgniter->run()
INFO - 2024-02-28 09:29:35 --> Session: Class initialized using 'CodeIgniter\Session\Handlers\FileHandler' driver.
INFO - 2024-02-28 09:29:42 --> Session: Class initialized using 'CodeIgniter\Session\Handlers\FileHandler' driver.
INFO - 2024-02-28 09:29:45 --> Session: Class initialized using 'CodeIgniter\Session\Handlers\FileHandler' driver.
CRITICAL - 2024-02-28 09:29:48 --> Error: Class "App\Controllers\PageNotFoundException" not found
in APPPATH/Controllers/Pages.php on line 16.
 1 SYSTEMPATH/CodeIgniter.php(941): App\Controllers\Pages->view('website.css')
 2 SYSTEMPATH/CodeIgniter.php(502): CodeIgniter\CodeIgniter->runController(Object(App\Controllers\Pages))
 3 SYSTEMPATH/CodeIgniter.php(361): CodeIgniter\CodeIgniter->handleRequest(null, Object(Config\Cache), false)
 4 FCPATH/index.php(79): CodeIgniter\CodeIgniter->run()
CRITICAL - 2024-02-28 09:29:48 --> Error: Class "App\Controllers\PageNotFoundException" not found
in APPPATH/Controllers/Pages.php on line 16.
 1 SYSTEMPATH/CodeIgniter.php(941): App\Controllers\Pages->view('scripting.js')
 2 SYSTEMPATH/CodeIgniter.php(502): CodeIgniter\CodeIgniter->runController(Object(App\Controllers\Pages))
 3 SYSTEMPATH/CodeIgniter.php(361): CodeIgniter\CodeIgniter->handleRequest(null, Object(Config\Cache), false)
 4 FCPATH/index.php(79): CodeIgniter\CodeIgniter->run()
