CRITICAL - 2024-02-24 08:06:03 --> CodeIgniter\Exceptions\FrameworkException: The framework needs the following extension(s) installed and loaded: intl.
in SYSTEMPATH/CodeIgniter.php on line 252.
 1 SYSTEMPATH/CodeIgniter.php(252): CodeIgniter\Exceptions\FrameworkException::forMissingExtension('intl')
 2 SYSTEMPATH/CodeIgniter.php(214): CodeIgniter\CodeIgniter->resolvePlatformExtensions()
 3 FCPATH/index.php(67): CodeIgniter\CodeIgniter->initialize()
CRITICAL - 2024-02-24 08:06:03 --> ErrorException: Uncaught Error: Class "Locale" not found in /workspaces/vscode-remote-try-php/lab3/ci4/system/Helpers/number_helper.php:137
Stack trace:
#0 /workspaces/vscode-remote-try-php/lab3/ci4/system/Helpers/number_helper.php(56): format_number(6.0, 2, NULL, Array)
#1 /workspaces/vscode-remote-try-php/lab3/ci4/system/Debug/BaseExceptionHandler.php(152): number_to_size(6.0, 2)
#2 /workspaces/vscode-remote-try-php/lab3/ci4/app/Views/errors/html/error_exception.php(384): CodeIgniter\Debug\BaseExceptionHandler::describeMemory(6291456)
#3 /workspaces/vscode-remote-try-php/lab3/ci4/system/Debug/BaseExceptionHandler.php(258): include('/workspaces/vsc...')
#4 /workspaces/vscode-remote-try-php/lab3/ci4/system/Debug/BaseExceptionHandler.php(261): CodeIgniter\Debug\BaseExceptionHandler->CodeIgniter\Debug\{closure}()
#5 /workspaces/vscode-remote-try-php/lab3/ci4/system/Debug/ExceptionHandler.php(112): CodeIgniter\Debug\BaseExceptionHandler->render(Object(CodeIgniter\Exceptions\FrameworkException), 500, '/workspaces/vsc...')
#6 /workspaces/vscode-remote-try-php/lab3/ci4/system/Debug/Exceptions.php(156): CodeIgniter\Debug\ExceptionHandler->handle(Object(CodeIgniter\Exceptions\FrameworkException), Object(CodeIgniter\HTTP\IncomingRequest), Object(CodeIgniter\HTTP\Response), 500, 1)
#7 [internal function]: CodeIgniter\Debug\Exceptions->exceptionHandler(Object(CodeIgniter\Exceptions\FrameworkException))
#8 {main}
  thrown
【Previous Exception】
CodeIgniter\Exceptions\FrameworkException
The framework needs the following extension(s) installed and loaded: intl.
#0 /workspaces/vscode-remote-try-php/lab3/ci4/system/CodeIgniter.php(252): CodeIgniter\Exceptions\FrameworkException::forMissingExtension('intl')
#1 /workspaces/vscode-remote-try-php/lab3/ci4/system/CodeIgniter.php(214): CodeIgniter\CodeIgniter->resolvePlatformExtensions()
#2 /workspaces/vscode-remote-try-php/lab3/ci4/public/index.php(67): CodeIgniter\CodeIgniter->initialize()
#3 {main}
in SYSTEMPATH/Helpers/number_helper.php on line 137.
 1 [internal function]: CodeIgniter\Debug\Exceptions->shutdownHandler()
CRITICAL - 2024-02-24 08:09:21 --> CodeIgniter\Exceptions\FrameworkException: The framework needs the following extension(s) installed and loaded: intl.
in SYSTEMPATH/CodeIgniter.php on line 252.
 1 SYSTEMPATH/CodeIgniter.php(252): CodeIgniter\Exceptions\FrameworkException::forMissingExtension('intl')
 2 SYSTEMPATH/CodeIgniter.php(214): CodeIgniter\CodeIgniter->resolvePlatformExtensions()
 3 FCPATH/index.php(67): CodeIgniter\CodeIgniter->initialize()
CRITICAL - 2024-02-24 08:09:21 --> ErrorException: Uncaught Error: Class "Locale" not found in /workspaces/vscode-remote-try-php/lab3/ci4/system/Helpers/number_helper.php:137
Stack trace:
#0 /workspaces/vscode-remote-try-php/lab3/ci4/system/Helpers/number_helper.php(56): format_number(6.0, 2, NULL, Array)
#1 /workspaces/vscode-remote-try-php/lab3/ci4/system/Debug/BaseExceptionHandler.php(152): number_to_size(6.0, 2)
#2 /workspaces/vscode-remote-try-php/lab3/ci4/app/Views/errors/html/error_exception.php(384): CodeIgniter\Debug\BaseExceptionHandler::describeMemory(6291456)
#3 /workspaces/vscode-remote-try-php/lab3/ci4/system/Debug/BaseExceptionHandler.php(258): include('/workspaces/vsc...')
#4 /workspaces/vscode-remote-try-php/lab3/ci4/system/Debug/BaseExceptionHandler.php(261): CodeIgniter\Debug\BaseExceptionHandler->CodeIgniter\Debug\{closure}()
#5 /workspaces/vscode-remote-try-php/lab3/ci4/system/Debug/ExceptionHandler.php(112): CodeIgniter\Debug\BaseExceptionHandler->render(Object(CodeIgniter\Exceptions\FrameworkException), 500, '/workspaces/vsc...')
#6 /workspaces/vscode-remote-try-php/lab3/ci4/system/Debug/Exceptions.php(156): CodeIgniter\Debug\ExceptionHandler->handle(Object(CodeIgniter\Exceptions\FrameworkException), Object(CodeIgniter\HTTP\IncomingRequest), Object(CodeIgniter\HTTP\Response), 500, 1)
#7 [internal function]: CodeIgniter\Debug\Exceptions->exceptionHandler(Object(CodeIgniter\Exceptions\FrameworkException))
#8 {main}
  thrown
【Previous Exception】
CodeIgniter\Exceptions\FrameworkException
The framework needs the following extension(s) installed and loaded: intl.
#0 /workspaces/vscode-remote-try-php/lab3/ci4/system/CodeIgniter.php(252): CodeIgniter\Exceptions\FrameworkException::forMissingExtension('intl')
#1 /workspaces/vscode-remote-try-php/lab3/ci4/system/CodeIgniter.php(214): CodeIgniter\CodeIgniter->resolvePlatformExtensions()
#2 /workspaces/vscode-remote-try-php/lab3/ci4/public/index.php(67): CodeIgniter\CodeIgniter->initialize()
#3 {main}
in SYSTEMPATH/Helpers/number_helper.php on line 137.
 1 [internal function]: CodeIgniter\Debug\Exceptions->shutdownHandler()
